This is XeTeX, Version 3.141592653-2.6-0.999993 (TeX Live 2022/dev/Debian) (preloaded format=xelatex 2026.4.3)  4 APR 2026 20:36
entering extended mode
 restricted \write18 enabled.
 %&-line parsing enabled.
**main.tex
(./main.tex
LaTeX2e <2021-11-15> patch level 1
L3 programming layer <2022-01-21>
(/usr/share/texlive/texmf-dist/tex/latex/extsizes/extarticle.cls
Document Class: extarticle 1996/10/08 v1.0 Non Standard LaTeX document class
(/usr/share/texlive/texmf-dist/tex/latex/extsizes/size14.clo
File: size14.clo 1999/11/11 v1.4a NON-Standard LaTeX file (size option)
)
(/usr/share/texlive/texmf-dist/tex/latex/base/exscale.sty
Package: exscale 2018/09/24 v2.1i Standard LaTeX package exscale
LaTeX Font Info:    Redeclaring symbol font `largesymbols' on input line 57.
LaTeX Font Info:    Overwriting symbol font `largesymbols' in version `normal'
(Font)                  OMX/cmex/m/n --> OMX/cmex/m/n on input line 57.
LaTeX Font Info:    Overwriting symbol font `largesymbols' in version `bold'
(Font)                  OMX/cmex/m/n --> OMX/cmex/m/n on input line 57.
\big@size=\dimen138
)
\c@part=\count181
\c@section=\count182
\c@subsection=\count183
\c@subsubsection=\count184
\c@paragraph=\count185
\c@subparagraph=\count186
\c@figure=\count187
\c@table=\count188
\abovecaptionskip=\skip47
\belowcaptionskip=\skip48
\bibindent=\dimen139
)
(/usr/share/texlive/texmf-dist/tex/latex/geometry/geometry.sty
Package: geometry 2020/01/02 v5.9 Page Geometry

(/usr/share/texlive/texmf-dist/tex/latex/graphics/keyval.sty
Package: keyval 2014/10/28 v1.15 key=value parser (DPC)
\KV@toks@=\toks16
)
(/usr/share/texlive/texmf-dist/tex/generic/iftex/ifvtex.sty
Package: ifvtex 2019/10/25 v1.7 ifvtex legacy package. Use iftex instead.

(/usr/share/texlive/texmf-dist/tex/generic/iftex/iftex.sty
Package: iftex 2020/03/06 v1.0d TeX engine tests
))
\Gm@cnth=\count189
\Gm@cntv=\count190
\c@Gm@tempcnt=\count191
\Gm@bindingoffset=\dimen140
\Gm@wd@mp=\dimen141
\Gm@odd@mp=\dimen142
\Gm@even@mp=\dimen143
\Gm@layoutwidth=\dimen144
\Gm@layoutheight=\dimen145
\Gm@layouthoffset=\dimen146
\Gm@layoutvoffset=\dimen147
\Gm@dimlist=\toks17
)
(/usr/share/texlive/texmf-dist/tex/latex/fontspec/fontspec.sty
(/usr/share/texlive/texmf-dist/tex/latex/l3packages/xparse/xparse.sty
(/usr/share/texlive/texmf-dist/tex/latex/l3kernel/expl3.sty
Package: expl3 2022-01-21 L3 programming layer (loader) 

(/usr/share/texlive/texmf-dist/tex/latex/l3backend/l3backend-xetex.def
File: l3backend-xetex.def 2022-01-12 L3 backend support: XeTeX

(|extractbb --version)
\c__kernel_sys_dvipdfmx_version_int=\count192
\l__color_backend_stack_int=\count193
\g__color_backend_stack_int=\count194
\g__graphics_track_int=\count195
\l__pdf_internal_box=\box50
\g__pdf_backend_object_int=\count196
\g__pdf_backend_annotation_int=\count197
\g__pdf_backend_link_int=\count198
))
Package: xparse 2022-01-12 L3 Experimental document command parser
)
Package: fontspec 2022/01/15 v2.8a Font selection for XeLaTeX and LuaLaTeX

(/usr/share/texlive/texmf-dist/tex/latex/fontspec/fontspec-xetex.sty
Package: fontspec-xetex 2022/01/15 v2.8a Font selection for XeLaTeX and LuaLaTe
X
\l__fontspec_script_int=\count199
\l__fontspec_language_int=\count266
\l__fontspec_strnum_int=\count267
\l__fontspec_tmp_int=\count268
\l__fontspec_tmpa_int=\count269
\l__fontspec_tmpb_int=\count270
\l__fontspec_tmpc_int=\count271
\l__fontspec_em_int=\count272
\l__fontspec_emdef_int=\count273
\l__fontspec_strong_int=\count274
\l__fontspec_strongdef_int=\count275
\l__fontspec_tmpa_dim=\dimen148
\l__fontspec_tmpb_dim=\dimen149
\l__fontspec_tmpc_dim=\dimen150

(/usr/share/texlive/texmf-dist/tex/latex/base/fontenc.sty
Package: fontenc 2021/04/29 v2.0v Standard LaTeX package
)
(/usr/share/texlive/texmf-dist/tex/latex/fontspec/fontspec.cfg)))

Package fontspec Info: Font family 'FreeSerif(0)' created for font 'FreeSerif'
(fontspec)             with options [Ligatures=TeX].
(fontspec)              
(fontspec)              This font family consists of the following NFSS
(fontspec)             series/shapes:
(fontspec)              
(fontspec)             - 'normal' (m/n) with NFSS spec.:
(fontspec)             <->"FreeSerif/OT:script=latn;language=dflt;mapping=tex-t
ext;"
(fontspec)             - 'small caps'  (m/sc) with NFSS spec.:
(fontspec)             <->"FreeSerif/OT:script=latn;language=dflt;+smcp;mapping
=tex-text;"
(fontspec)             - 'bold' (b/n) with NFSS spec.:
(fontspec)             <->"FreeSerif/B/OT:script=latn;language=dflt;mapping=tex
-text;"
(fontspec)             - 'bold small caps'  (b/sc) with NFSS spec.:
(fontspec)             <->"FreeSerif/B/OT:script=latn;language=dflt;+smcp;mappi
ng=tex-text;"
(fontspec)             - 'italic' (m/it) with NFSS spec.:
(fontspec)             <->"FreeSerif/I/OT:script=latn;language=dflt;mapping=tex
-text;"
(fontspec)             - 'italic small caps'  (m/scit) with NFSS spec.: 
(fontspec)             - 'bold italic' (b/it) with NFSS spec.:
(fontspec)             <->"FreeSerif/BI/OT:script=latn;language=dflt;mapping=te
x-text;"
(fontspec)             - 'bold italic small caps'  (b/scit) with NFSS spec.: 


Package fontspec Info: Font family 'FreeSans(0)' created for font 'FreeSans'
(fontspec)             with options [Ligatures=TeX].
(fontspec)              
(fontspec)              This font family consists of the following NFSS
(fontspec)             series/shapes:
(fontspec)              
(fontspec)             - 'normal' (m/n) with NFSS spec.:
(fontspec)             <->"FreeSans/OT:script=latn;language=dflt;mapping=tex-te
xt;"
(fontspec)             - 'small caps'  (m/sc) with NFSS spec.:
(fontspec)             <->"FreeSans/OT:script=latn;language=dflt;+smcp;mapping=
tex-text;"
(fontspec)             - 'bold' (b/n) with NFSS spec.:
(fontspec)             <->"FreeSans/B/OT:script=latn;language=dflt;mapping=tex-
text;"
(fontspec)             - 'bold small caps'  (b/sc) with NFSS spec.:
(fontspec)             <->"FreeSans/B/OT:script=latn;language=dflt;+smcp;mappin
g=tex-text;"
(fontspec)             - 'italic' (m/it) with NFSS spec.:
(fontspec)             <->"FreeSans/I/OT:script=latn;language=dflt;mapping=tex-
text;"
(fontspec)             - 'italic small caps'  (m/scit) with NFSS spec.: 
(fontspec)             - 'bold italic' (b/it) with NFSS spec.:
(fontspec)             <->"FreeSans/BI/OT:script=latn;language=dflt;mapping=tex
-text;"
(fontspec)             - 'bold italic small caps'  (b/scit) with NFSS spec.: 


Package fontspec Info: Font family 'FreeMono(0)' created for font 'FreeMono'
(fontspec)             with options
(fontspec)             [WordSpace={1,0,0},HyphenChar=None,PunctuationSpace=Word
Space].
(fontspec)              
(fontspec)              This font family consists of the following NFSS
(fontspec)             series/shapes:
(fontspec)              
(fontspec)             - 'normal' (m/n) with NFSS spec.:
(fontspec)             <->"FreeMono/OT:script=latn;language=dflt;"
(fontspec)             - 'small caps'  (m/sc) with NFSS spec.: 
(fontspec)             and font adjustment code:
(fontspec)             \fontdimen 2\font =1\fontdimen 2\font \fontdimen 3\font
(fontspec)             =0\fontdimen 3\font \fontdimen 4\font =0\fontdimen
(fontspec)             4\font \fontdimen 7\font =0\fontdimen 2\font
(fontspec)             \tex_hyphenchar:D \font =-1\scan_stop: 
(fontspec)             - 'bold' (b/n) with NFSS spec.:
(fontspec)             <->"FreeMono/B/OT:script=latn;language=dflt;"
(fontspec)             - 'bold small caps'  (b/sc) with NFSS spec.: 
(fontspec)             and font adjustment code:
(fontspec)             \fontdimen 2\font =1\fontdimen 2\font \fontdimen 3\font
(fontspec)             =0\fontdimen 3\font \fontdimen 4\font =0\fontdimen
(fontspec)             4\font \fontdimen 7\font =0\fontdimen 2\font
(fontspec)             \tex_hyphenchar:D \font =-1\scan_stop: 
(fontspec)             - 'italic' (m/it) with NFSS spec.:
(fontspec)             <->"FreeMono/I/OT:script=latn;language=dflt;"
(fontspec)             - 'italic small caps'  (m/scit) with NFSS spec.: 
(fontspec)             and font adjustment code:
(fontspec)             \fontdimen 2\font =1\fontdimen 2\font \fontdimen 3\font
(fontspec)             =0\fontdimen 3\font \fontdimen 4\font =0\fontdimen
(fontspec)             4\font \fontdimen 7\font =0\fontdimen 2\font
(fontspec)             \tex_hyphenchar:D \font =-1\scan_stop: 
(fontspec)             - 'bold italic' (b/it) with NFSS spec.:
(fontspec)             <->"FreeMono/BI/OT:script=latn;language=dflt;"
(fontspec)             - 'bold italic small caps'  (b/scit) with NFSS spec.: 
(fontspec)             and font adjustment code:
(fontspec)             \fontdimen 2\font =1\fontdimen 2\font \fontdimen 3\font
(fontspec)             =0\fontdimen 3\font \fontdimen 4\font =0\fontdimen
(fontspec)             4\font \fontdimen 7\font =0\fontdimen 2\font
(fontspec)             \tex_hyphenchar:D \font =-1\scan_stop: 


(/usr/share/texlive/texmf-dist/tex/latex/setspace/setspace.sty
Package: setspace 2011/12/19 v6.7a set line spacing
)
(/usr/share/texlive/texmf-dist/tex/latex/tools/indentfirst.sty
Package: indentfirst 1995/11/23 v1.03 Indent first paragraph (DPC)
)
(/usr/share/texlive/texmf-dist/tex/latex/fancyhdr/fancyhdr.sty
Package: fancyhdr 2021/01/28 v4.0.1 Extensive control of page headers and foote
rs
\f@nch@headwidth=\skip49
\f@nch@O@elh=\skip50
\f@nch@O@erh=\skip51
\f@nch@O@olh=\skip52
\f@nch@O@orh=\skip53
\f@nch@O@elf=\skip54
\f@nch@O@erf=\skip55
\f@nch@O@olf=\skip56
\f@nch@O@orf=\skip57
)
(/usr/share/texlive/texmf-dist/tex/latex/amsmath/amsmath.sty
Package: amsmath 2021/10/15 v2.17l AMS math features
\@mathmargin=\skip58

For additional information on amsmath, use the `?' option.
(/usr/share/texlive/texmf-dist/tex/latex/amsmath/amstext.sty
Package: amstext 2021/08/26 v2.01 AMS text

(/usr/share/texlive/texmf-dist/tex/latex/amsmath/amsgen.sty
File: amsgen.sty 1999/11/30 v2.0 generic functions
\@emptytoks=\toks18
\ex@=\dimen151
))
(/usr/share/texlive/texmf-dist/tex/latex/amsmath/amsbsy.sty
Package: amsbsy 1999/11/29 v1.2d Bold Symbols
\pmbraise@=\dimen152
)
(/usr/share/texlive/texmf-dist/tex/latex/amsmath/amsopn.sty
Package: amsopn 2021/08/26 v2.02 operator names
)
\inf@bad=\count276
LaTeX Info: Redefining \frac on input line 234.
\uproot@=\count277
\leftroot@=\count278
LaTeX Info: Redefining \overline on input line 399.
\classnum@=\count279
\DOTSCASE@=\count280
LaTeX Info: Redefining \ldots on input line 496.
LaTeX Info: Redefining \dots on input line 499.
LaTeX Info: Redefining \cdots on input line 620.
\Mathstrutbox@=\box51
\strutbox@=\box52
\big@size=\dimen153
LaTeX Font Info:    Redeclaring font encoding OML on input line 743.
LaTeX Font Info:    Redeclaring font encoding OMS on input line 744.
\macc@depth=\count281
\c@MaxMatrixCols=\count282
\dotsspace@=\muskip16
\c@parentequation=\count283
\dspbrk@lvl=\count284
\tag@help=\toks19
\row@=\count285
\column@=\count286
\maxfields@=\count287
\andhelp@=\toks20
\eqnshift@=\dimen154
\alignsep@=\dimen155
\tagshift@=\dimen156
\tagwidth@=\dimen157
\totwidth@=\dimen158
\lineht@=\dimen159
\@envbody=\toks21
\multlinegap=\skip59
\multlinetaggap=\skip60
\mathdisplay@stack=\toks22
LaTeX Info: Redefining \[ on input line 2938.
LaTeX Info: Redefining \] on input line 2939.
)
(/usr/share/texlive/texmf-dist/tex/latex/amsfonts/amssymb.sty
Package: amssymb 2013/01/14 v3.01 AMS font symbols

(/usr/share/texlive/texmf-dist/tex/latex/amsfonts/amsfonts.sty
Package: amsfonts 2013/01/14 v3.01 Basic AMSFonts support
\symAMSa=\mathgroup4
\symAMSb=\mathgroup5
LaTeX Font Info:    Redeclaring math symbol \hbar on input line 98.
LaTeX Font Info:    Overwriting math alphabet `\mathfrak' in version `bold'
(Font)                  U/euf/m/n --> U/euf/b/n on input line 106.
))
(/usr/share/texlive/texmf-dist/tex/latex/tools/bm.sty
Package: bm 2021/04/25 v1.2e Bold Symbol Support (DPC/FMi)
\symboldoperators=\mathgroup6
\symboldletters=\mathgroup7
\symboldsymbols=\mathgroup8
Package bm Info: No bold for \OMX/cmex/m/n, using \pmb.
Package bm Info: No bold for \U/msa/m/n, using \pmb.
Package bm Info: No bold for \U/msb/m/n, using \pmb.
LaTeX Font Info:    Redeclaring math alphabet \mathbf on input line 149.
)
(/usr/share/texlive/texmf-dist/tex/latex/siunitx/siunitx.sty
Package: siunitx 2022-02-02 v3.0.46 A comprehensive (SI) units package
\l__siunitx_angle_tmp_dim=\dimen160
\l__siunitx_angle_marker_box=\box53
\l__siunitx_angle_unit_box=\box54
\l__siunitx_compound_count_int=\count288

(/usr/share/texlive/texmf-dist/tex/latex/translations/translations.sty
Package: translations 2022/01/04 v1.11 internationalization of LaTeX2e packages
 (CN)

(/usr/share/texlive/texmf-dist/tex/latex/etoolbox/etoolbox.sty
Package: etoolbox 2020/10/05 v2.5k e-TeX tools for LaTeX (JAW)
\etb@tempcnta=\count289
)
(/usr/share/texlive/texmf-dist/tex/generic/pdftexcmds/pdftexcmds.sty
Package: pdftexcmds 2020-06-27 v0.33 Utility functions of pdfTeX for LuaTeX (HO
)

(/usr/share/texlive/texmf-dist/tex/generic/infwarerr/infwarerr.sty
Package: infwarerr 2019/12/03 v1.5 Providing info/warning/error messages (HO)
)
(/usr/share/texlive/texmf-dist/tex/generic/ltxcmds/ltxcmds.sty
Package: ltxcmds 2020-05-10 v1.25 LaTeX kernel commands for general use (HO)
)
Package pdftexcmds Info: \pdf@primitive is available.
Package pdftexcmds Info: \pdf@ifprimitive is available.
Package pdftexcmds Info: \pdfdraftmode not found.
))
\l__siunitx_number_exponent_fixed_int=\count290
\l__siunitx_number_min_decimal_int=\count291
\l__siunitx_number_min_integer_int=\count292
\l__siunitx_number_round_precision_int=\count293
\l__siunitx_number_group_minimum_int=\count294
\l__siunitx_table_tmp_box=\box55
\l__siunitx_table_tmp_dim=\dimen161
\l__siunitx_table_column_width_dim=\dimen162
\l__siunitx_table_integer_box=\box56
\l__siunitx_table_decimal_box=\box57
\l__siunitx_table_before_box=\box58
\l__siunitx_table_after_box=\box59
\l__siunitx_table_before_dim=\dimen163
\l__siunitx_table_carry_dim=\dimen164
\l__siunitx_unit_tmp_int=\count295
\l__siunitx_unit_position_int=\count296
\l__siunitx_unit_total_int=\count297

(/usr/share/texlive/texmf-dist/tex/latex/l3packages/l3keys2e/l3keys2e.sty
Package: l3keys2e 2022-01-12 LaTeX2e option processing using LaTeX3 keys
)
(/usr/share/texlive/texmf-dist/tex/latex/tools/array.sty
Package: array 2021/10/04 v2.5f Tabular extension package (FMi)
\col@sep=\dimen165
\ar@mcellbox=\box60
\extrarowheight=\dimen166
\NC@list=\toks23
\extratabsurround=\skip61
\backup@length=\skip62
\ar@cellbox=\box61
))
(/usr/share/texlive/texmf-dist/tex/latex/cases/cases.sty
Package: cases 2020/03/29 ver 3.2
\numc@numwid=\dimen167
)
(/usr/share/texlive/texmf-dist/tex/latex/graphics/graphicx.sty
Package: graphicx 2021/09/16 v1.2d Enhanced LaTeX Graphics (DPC,SPQR)

(/usr/share/texlive/texmf-dist/tex/latex/graphics/graphics.sty
Package: graphics 2021/03/04 v1.4d Standard LaTeX Graphics (DPC,SPQR)

(/usr/share/texlive/texmf-dist/tex/latex/graphics/trig.sty
Package: trig 2021/08/11 v1.11 sin cos tan (DPC)
)
(/usr/share/texlive/texmf-dist/tex/latex/graphics-cfg/graphics.cfg
File: graphics.cfg 2016/06/04 v1.11 sample graphics configuration
)
Package graphics Info: Driver file: xetex.def on input line 107.

(/usr/share/texlive/texmf-dist/tex/latex/graphics-def/xetex.def
File: xetex.def 2021/03/18 v5.0k Graphics/color driver for xetex
))
\Gin@req@height=\dimen168
\Gin@req@width=\dimen169
)
(/usr/share/texlive/texmf-dist/tex/latex/float/float.sty
Package: float 2001/11/08 v1.3d Float enhancements (AL)
\c@float@type=\count298
\float@exts=\toks24
\float@box=\box62
\@float@everytoks=\toks25
\@floatcapt=\box63
)
(/usr/share/texlive/texmf-dist/tex/latex/caption/caption.sty
Package: caption 2020/10/26 v3.5g Customizing captions (AR)

(/usr/share/texlive/texmf-dist/tex/latex/caption/caption3.sty
Package: caption3 2020/10/21 v2.2e caption3 kernel (AR)
\captionmargin=\dimen170
\captionmargin@=\dimen171
\captionwidth=\dimen172
\caption@tempdima=\dimen173
\caption@indent=\dimen174
\caption@parindent=\dimen175
\caption@hangindent=\dimen176
Package caption Info: Standard document class detected.
)
\c@caption@flags=\count299
\c@continuedfloat=\count300
Package caption Info: float package is loaded.
)
(/usr/share/texlive/texmf-dist/tex/latex/caption/subcaption.sty
Package: subcaption 2020/10/07 v1.3j Sub-captions (AR)
\c@subfigure=\count301
\c@subtable=\count302
)
(/usr/share/texlive/texmf-dist/tex/latex/booktabs/booktabs.sty
Package: booktabs 2020/01/12 v1.61803398 Publication quality tables
\heavyrulewidth=\dimen177
\lightrulewidth=\dimen178
\cmidrulewidth=\dimen179
\belowrulesep=\dimen180
\belowbottomsep=\dimen181
\aboverulesep=\dimen182
\abovetopsep=\dimen183
\cmidrulesep=\dimen184
\cmidrulekern=\dimen185
\defaultaddspace=\dimen186
\@cmidla=\count303
\@cmidlb=\count304
\@aboverulesep=\dimen187
\@belowrulesep=\dimen188
\@thisruleclass=\count305
\@lastruleclass=\count306
\@thisrulewidth=\dimen189
)
(/usr/share/texlive/texmf-dist/tex/latex/multirow/multirow.sty
Package: multirow 2021/03/15 v2.8 Span multiple rows of a table
\multirow@colwidth=\skip63
\multirow@cntb=\count307
\multirow@dima=\skip64
\bigstrutjot=\dimen190
)
(/usr/share/texlive/texmf-dist/tex/latex/tools/dcolumn.sty
Package: dcolumn 2014/10/28 v1.06 decimal alignment package (DPC)
)
(/usr/share/texlive/texmf-dist/tex/latex/tools/longtable.sty
Package: longtable 2021-09-01 v4.17 Multi-page Table package (DPC)
\LTleft=\skip65
\LTright=\skip66
\LTpre=\skip67
\LTpost=\skip68
\LTchunksize=\count308
\LTcapwidth=\dimen191
\LT@head=\box64
\LT@firsthead=\box65
\LT@foot=\box66
\LT@lastfoot=\box67
\LT@gbox=\box68
\LT@cols=\count309
\LT@rows=\count310
\c@LT@tables=\count311
\c@LT@chunks=\count312
\LT@p@ftn=\toks26
)
(/usr/share/texlive/texmf-dist/tex/latex/algorithm2e/algorithm2e.sty
Invalid UTF-8 byte or sequence at line 284 replaced by U+FFFD.
Invalid UTF-8 byte or sequence at line 299 replaced by U+FFFD.
Invalid UTF-8 byte or sequence at line 550 replaced by U+FFFD.
Package: algorithm2e 2017/07/18 v5.2 algorithms environments
\c@AlgoLine=\count313

(/usr/share/texlive/texmf-dist/tex/latex/base/ifthen.sty
Package: ifthen 2020/11/24 v1.1c Standard LaTeX ifthen package (DPC)
)
\algocf@hangindent=\skip69

(/usr/share/texlive/texmf-dist/tex/latex/ifoddpage/ifoddpage.sty
Package: ifoddpage 2016/04/23 v1.1 Conditionals for odd/even page detection
\c@checkoddpage=\count314
)
(/usr/share/texlive/texmf-dist/tex/latex/tools/xspace.sty
Package: xspace 2014/10/28 v1.13 Space after command names (DPC,MH)
)
(/usr/share/texlive/texmf-dist/tex/latex/relsize/relsize.sty
Package: relsize 2013/03/29 ver 4.1
)
\skiptotal=\skip70
\skiplinenumber=\skip71
\skiprule=\skip72
\skiphlne=\skip73
\skiptext=\skip74
\skiplength=\skip75
\algomargin=\skip76
\skipalgocfslide=\skip77
\algowidth=\dimen192
\inoutsize=\dimen193
\inoutindent=\dimen194
\interspacetitleruled=\dimen195
\interspacealgoruled=\dimen196
\interspacetitleboxruled=\dimen197
\algocf@ruledwidth=\skip78
\algocf@inoutbox=\box69
\algocf@inputbox=\box70
\AlCapSkip=\skip79
\AlCapHSkip=\skip80
\algoskipindent=\skip81
\algocf@nlbox=\box71
\algocf@hangingbox=\box72
\algocf@untilbox=\box73
\algocf@skipuntil=\skip82
\algocf@capbox=\box74
\algocf@lcaptionbox=\skip83
\algoheightruledefault=\skip84
\algoheightrule=\skip85
\algotitleheightruledefault=\skip86
\algotitleheightrule=\skip87
\c@algocfline=\count315
\c@algocfproc=\count316
\c@algocf=\count317
\algocf@algoframe=\box75
\algocf@algobox=\box76
)
(/usr/share/texlive/texmf-dist/tex/latex/listings/listings.sty
\lst@mode=\count318
\lst@gtempboxa=\box77
\lst@token=\toks27
\lst@length=\count319
\lst@currlwidth=\dimen198
\lst@column=\count320
\lst@pos=\count321
\lst@lostspace=\dimen199
\lst@width=\dimen256
\lst@newlines=\count322
\lst@lineno=\count323
\lst@maxwidth=\dimen257

(/usr/share/texlive/texmf-dist/tex/latex/listings/lstmisc.sty
File: lstmisc.sty 2020/03/24 1.8d (Carsten Heinz)
\c@lstnumber=\count324
\lst@skipnumbers=\count325
\lst@framebox=\box78
)
(/usr/share/texlive/texmf-dist/tex/latex/listings/listings.cfg
File: listings.cfg 2020/03/24 1.8d listings configuration
))
Package: listings 2020/03/24 1.8d (Carsten Heinz)

(/usr/share/texlive/texmf-dist/tex/latex/xcolor/xcolor.sty
Package: xcolor 2021/10/31 v2.13 LaTeX color extensions (UK)

(/usr/share/texlive/texmf-dist/tex/latex/graphics-cfg/color.cfg
File: color.cfg 2016/01/02 v1.6 sample color configuration
)
Package xcolor Info: Driver file: xetex.def on input line 227.
Package xcolor Info: Model `cmy' substituted by `cmy0' on input line 1352.
Package xcolor Info: Model `RGB' extended on input line 1368.
Package xcolor Info: Model `HTML' substituted by `rgb' on input line 1370.
Package xcolor Info: Model `Hsb' substituted by `hsb' on input line 1371.
Package xcolor Info: Model `tHsb' substituted by `hsb' on input line 1372.
Package xcolor Info: Model `HSB' substituted by `hsb' on input line 1373.
Package xcolor Info: Model `Gray' substituted by `gray' on input line 1374.
Package xcolor Info: Model `wave' substituted by `hsb' on input line 1375.
)
(/usr/share/texlive/texmf-dist/tex/latex/listings/lstlang1.sty
File: lstlang1.sty 2020/03/24 1.8d listings language file
)
(/usr/share/texlive/texmf-dist/tex/latex/enumitem/enumitem.sty
Package: enumitem 2019/06/20 v3.9 Customized lists
\labelindent=\skip88
\enit@outerparindent=\dimen258
\enit@toks=\toks28
\enit@inbox=\box79
\enit@count@id=\count326
\enitdp@description=\count327
)
(/usr/share/texlive/texmf-dist/tex/latex/hyphenat/hyphenat.sty
Package: hyphenat 2009/09/02 v2.3c hyphenation utilities
\langwohyphens=\language16
LaTeX Info: Redefining \_ on input line 43.
)
(/usr/share/texlive/texmf-dist/tex/latex/hyperref/hyperref.sty
Package: hyperref 2021-06-07 v7.00m Hypertext links for LaTeX

(/usr/share/texlive/texmf-dist/tex/generic/kvsetkeys/kvsetkeys.sty
Package: kvsetkeys 2019/12/15 v1.18 Key value parser (HO)
)
(/usr/share/texlive/texmf-dist/tex/generic/kvdefinekeys/kvdefinekeys.sty
Package: kvdefinekeys 2019-12-19 v1.6 Define keys (HO)
)
(/usr/share/texlive/texmf-dist/tex/generic/pdfescape/pdfescape.sty
Package: pdfescape 2019/12/09 v1.15 Implements pdfTeX's escape features (HO)
)
(/usr/share/texlive/texmf-dist/tex/latex/hycolor/hycolor.sty
Package: hycolor 2020-01-27 v1.10 Color options for hyperref/bookmark (HO)
)
(/usr/share/texlive/texmf-dist/tex/latex/letltxmacro/letltxmacro.sty
Package: letltxmacro 2019/12/03 v1.6 Let assignment for LaTeX macros (HO)
)
(/usr/share/texlive/texmf-dist/tex/latex/auxhook/auxhook.sty
Package: auxhook 2019-12-17 v1.6 Hooks for auxiliary files (HO)
)
(/usr/share/texlive/texmf-dist/tex/latex/kvoptions/kvoptions.sty
Package: kvoptions 2020-10-07 v3.14 Key value format for package options (HO)
)
\@linkdim=\dimen259
\Hy@linkcounter=\count328
\Hy@pagecounter=\count329

(/usr/share/texlive/texmf-dist/tex/latex/hyperref/pd1enc.def
File: pd1enc.def 2021-06-07 v7.00m Hyperref: PDFDocEncoding definition (HO)
)
(/usr/share/texlive/texmf-dist/tex/latex/hyperref/hyperref-langpatches.def
File: hyperref-langpatches.def 2021-06-07 v7.00m Hyperref: patches for babel la
nguages
)
(/usr/share/texlive/texmf-dist/tex/generic/intcalc/intcalc.sty
Package: intcalc 2019/12/15 v1.3 Expandable calculations with integers (HO)
)
(/usr/share/texlive/texmf-dist/tex/generic/etexcmds/etexcmds.sty
Package: etexcmds 2019/12/15 v1.7 Avoid name clashes with e-TeX commands (HO)
)
\Hy@SavedSpaceFactor=\count330

(/usr/share/texlive/texmf-dist/tex/latex/hyperref/puenc.def
File: puenc.def 2021-06-07 v7.00m Hyperref: PDF Unicode definition (HO)
)
Package hyperref Info: Hyper figures OFF on input line 4192.
Package hyperref Info: Link nesting OFF on input line 4197.
Package hyperref Info: Hyper index ON on input line 4200.
Package hyperref Info: Plain pages OFF on input line 4207.
Package hyperref Info: Backreferencing OFF on input line 4212.
Package hyperref Info: Implicit mode ON; LaTeX internals redefined.
Package hyperref Info: Bookmarks ON on input line 4445.
\c@Hy@tempcnt=\count331

(/usr/share/texlive/texmf-dist/tex/latex/url/url.sty
\Urlmuskip=\muskip17
Package: url 2013/09/16  ver 3.4  Verb mode for urls, etc.
)
LaTeX Info: Redefining \url on input line 4804.
\XeTeXLinkMargin=\dimen260

(/usr/share/texlive/texmf-dist/tex/generic/bitset/bitset.sty
Package: bitset 2019/12/09 v1.3 Handle bit-vector datatype (HO)

(/usr/share/texlive/texmf-dist/tex/generic/bigintcalc/bigintcalc.sty
Package: bigintcalc 2019/12/15 v1.5 Expandable calculations on big integers (HO
)
))
\Fld@menulength=\count332
\Field@Width=\dimen261
\Fld@charsize=\dimen262
Package hyperref Info: Hyper figures OFF on input line 6076.
Package hyperref Info: Link nesting OFF on input line 6081.
Package hyperref Info: Hyper index ON on input line 6084.
Package hyperref Info: backreferencing OFF on input line 6091.
Package hyperref Info: Link coloring OFF on input line 6096.
Package hyperref Info: Link coloring with OCG OFF on input line 6101.
Package hyperref Info: PDF/A mode OFF on input line 6106.
LaTeX Info: Redefining \ref on input line 6146.
LaTeX Info: Redefining \pageref on input line 6150.

(/usr/share/texlive/texmf-dist/tex/latex/base/atbegshi-ltx.sty
Package: atbegshi-ltx 2021/01/10 v1.0c Emulation of the original atbegshi
package with kernel methods
)
\Hy@abspage=\count333
\c@Item=\count334
\c@Hfootnote=\count335
)
Package hyperref Info: Driver (autodetected): hxetex.

(/usr/share/texlive/texmf-dist/tex/latex/hyperref/hxetex.def
File: hxetex.def 2021-06-07 v7.00m Hyperref driver for XeTeX

(/usr/share/texlive/texmf-dist/tex/generic/stringenc/stringenc.sty
Package: stringenc 2019/11/29 v1.12 Convert strings between diff. encodings (HO
)
)
\pdfm@box=\box80
\c@Hy@AnnotLevel=\count336
\HyField@AnnotCount=\count337
\Fld@listcount=\count338
\c@bookmark@seq@number=\count339

(/usr/share/texlive/texmf-dist/tex/latex/rerunfilecheck/rerunfilecheck.sty
Package: rerunfilecheck 2019/12/05 v1.9 Rerun checks for auxiliary files (HO)

(/usr/share/texlive/texmf-dist/tex/latex/base/atveryend-ltx.sty
Package: atveryend-ltx 2020/08/19 v1.0a Emulation of the original atveryend pac
kage
with kernel methods
)
(/usr/share/texlive/texmf-dist/tex/generic/uniquecounter/uniquecounter.sty
Package: uniquecounter 2019/12/15 v1.4 Provide unlimited unique counter (HO)
)
Package uniquecounter Info: New unique counter `rerunfilecheck' on input line 2
86.
)
\Hy@SectionHShift=\skip89
)
Package hyperref Info: Option `colorlinks' set `true' on input line 110.
Package translations Info: No language package found. I am going to use `englis
h' as default language. on input line 125.

(./main.aux

LaTeX Warning: Label `sec:intro' multiply defined.

)
\openout1 = `main.aux'.

LaTeX Font Info:    Checking defaults for OML/cmm/m/it on input line 125.
LaTeX Font Info:    ... okay on input line 125.
LaTeX Font Info:    Checking defaults for OMS/cmsy/m/n on input line 125.
LaTeX Font Info:    ... okay on input line 125.
LaTeX Font Info:    Checking defaults for OT1/cmr/m/n on input line 125.
LaTeX Font Info:    ... okay on input line 125.
LaTeX Font Info:    Checking defaults for T1/cmr/m/n on input line 125.
LaTeX Font Info:    ... okay on input line 125.
LaTeX Font Info:    Checking defaults for TS1/cmr/m/n on input line 125.
LaTeX Font Info:    Trying to load font information for TS1+cmr on input line 1
25.
 (/usr/share/texlive/texmf-dist/tex/latex/base/ts1cmr.fd
File: ts1cmr.fd 2019/12/16 v2.5j Standard LaTeX font definitions
)
LaTeX Font Info:    ... okay on input line 125.
LaTeX Font Info:    Checking defaults for TU/lmr/m/n on input line 125.
LaTeX Font Info:    ... okay on input line 125.
LaTeX Font Info:    Checking defaults for OMX/cmex/m/n on input line 125.
LaTeX Font Info:    ... okay on input line 125.
LaTeX Font Info:    Checking defaults for U/cmr/m/n on input line 125.
LaTeX Font Info:    ... okay on input line 125.
LaTeX Font Info:    Checking defaults for PD1/pdf/m/n on input line 125.
LaTeX Font Info:    ... okay on input line 125.
LaTeX Font Info:    Checking defaults for PU/pdf/m/n on input line 125.
LaTeX Font Info:    ... okay on input line 125.

*geometry* driver: auto-detecting
*geometry* detected driver: xetex
*geometry* verbose mode - [ preamble ] result:
* driver: xetex
* paper: <default>
* layout: <same size as paper>
* layoutoffset:(h,v)=(0.0pt,0.0pt)
* modes: 
* h-part:(L,W,R)=(56.9055pt, 528.93675pt, 28.45274pt)
* v-part:(T,H,B)=(56.9055pt, 681.15898pt, 56.9055pt)
* \paperwidth=614.295pt
* \paperheight=794.96999pt
* \textwidth=528.93675pt
* \textheight=681.15898pt
* \oddsidemargin=-15.36449pt
* \evensidemargin=-15.36449pt
* \topmargin=-54.36449pt
* \headheight=14.0pt
* \headsep=25.0pt
* \topskip=14.0pt
* \footskip=30.0pt
* \marginparwidth=24.0pt
* \marginparsep=10.0pt
* \columnsep=10.0pt
* \skip\footins=12.0pt plus 4.0pt minus 2.0pt
* \hoffset=0.0pt
* \voffset=0.0pt
* \mag=1000
* \@twocolumnfalse
* \@twosidefalse
* \@mparswitchfalse
* \@reversemarginfalse
* (1in=72.27pt=25.4mm, 1cm=28.453pt)


Package fontspec Info: Adjusting the maths setup (use [no-math] to avoid
(fontspec)             this).

\symlegacymaths=\mathgroup9
LaTeX Font Info:    Overwriting symbol font `legacymaths' in version `bold'
(Font)                  OT1/cmr/m/n --> OT1/cmr/bx/n on input line 125.
LaTeX Font Info:    Redeclaring math accent \acute on input line 125.
LaTeX Font Info:    Redeclaring math accent \grave on input line 125.
LaTeX Font Info:    Redeclaring math accent \ddot on input line 125.
LaTeX Font Info:    Redeclaring math accent \tilde on input line 125.
LaTeX Font Info:    Redeclaring math accent \bar on input line 125.
LaTeX Font Info:    Redeclaring math accent \breve on input line 125.
LaTeX Font Info:    Redeclaring math accent \check on input line 125.
LaTeX Font Info:    Redeclaring math accent \hat on input line 125.
LaTeX Font Info:    Redeclaring math accent \dot on input line 125.
LaTeX Font Info:    Redeclaring math accent \mathring on input line 125.
LaTeX Font Info:    Redeclaring math symbol \Gamma on input line 125.
LaTeX Font Info:    Redeclaring math symbol \Delta on input line 125.
LaTeX Font Info:    Redeclaring math symbol \Theta on input line 125.
LaTeX Font Info:    Redeclaring math symbol \Lambda on input line 125.
LaTeX Font Info:    Redeclaring math symbol \Xi on input line 125.
LaTeX Font Info:    Redeclaring math symbol \Pi on input line 125.
LaTeX Font Info:    Redeclaring math symbol \Sigma on input line 125.
LaTeX Font Info:    Redeclaring math symbol \Upsilon on input line 125.
LaTeX Font Info:    Redeclaring math symbol \Phi on input line 125.
LaTeX Font Info:    Redeclaring math symbol \Psi on input line 125.
LaTeX Font Info:    Redeclaring math symbol \Omega on input line 125.
LaTeX Font Info:    Redeclaring math symbol \mathdollar on input line 125.
LaTeX Font Info:    Redeclaring symbol font `operators' on input line 125.
LaTeX Font Info:    Encoding `OT1' has changed to `TU' for symbol font
(Font)              `operators' in the math version `normal' on input line 125.

LaTeX Font Info:    Overwriting symbol font `operators' in version `normal'
(Font)                  OT1/cmr/m/n --> TU/FreeSerif(0)/m/n on input line 125.
LaTeX Font Info:    Encoding `OT1' has changed to `TU' for symbol font
(Font)              `operators' in the math version `bold' on input line 125.
LaTeX Font Info:    Overwriting symbol font `operators' in version `bold'
(Font)                  OT1/cmr/bx/n --> TU/FreeSerif(0)/m/n on input line 125.

LaTeX Font Info:    Overwriting symbol font `operators' in version `normal'
(Font)                  TU/FreeSerif(0)/m/n --> TU/FreeSerif(0)/m/n on input li
ne 125.
LaTeX Font Info:    Overwriting math alphabet `\mathit' in version `normal'
(Font)                  OT1/cmr/m/it --> TU/FreeSerif(0)/m/it on input line 125
.
LaTeX Font Info:    Overwriting math alphabet `\mathbf' in version `normal'
(Font)                  OT1/cmr/bx/n --> TU/FreeSerif(0)/b/n on input line 125.

LaTeX Font Info:    Overwriting math alphabet `\mathsf' in version `normal'
(Font)                  OT1/cmss/m/n --> TU/FreeSans(0)/m/n on input line 125.
LaTeX Font Info:    Overwriting math alphabet `\mathtt' in version `normal'
(Font)                  OT1/cmtt/m/n --> TU/FreeMono(0)/m/n on input line 125.
LaTeX Font Info:    Overwriting symbol font `operators' in version `bold'
(Font)                  TU/FreeSerif(0)/m/n --> TU/FreeSerif(0)/b/n on input li
ne 125.
LaTeX Font Info:    Overwriting math alphabet `\mathit' in version `bold'
(Font)                  OT1/cmr/bx/it --> TU/FreeSerif(0)/b/it on input line 12
5.
LaTeX Font Info:    Overwriting math alphabet `\mathsf' in version `bold'
(Font)                  OT1/cmss/bx/n --> TU/FreeSans(0)/b/n on input line 125.

LaTeX Font Info:    Overwriting math alphabet `\mathtt' in version `bold'
(Font)                  OT1/cmtt/m/n --> TU/FreeMono(0)/b/n on input line 125.

(/usr/share/texlive/texmf-dist/tex/latex/translations/translations-basic-dictio
nary-english.trsl
File: translations-basic-dictionary-english.trsl (english translation file `tra
nslations-basic-dictionary')
)
Package translations Info: loading dictionary `translations-basic-dictionary' f
or `english'. on input line 125.
Package caption Info: Begin \AtBeginDocument code.
Package caption Info: hyperref package is loaded.
Package caption Info: listings package is loaded.
Package caption Info: longtable package is loaded.

(/usr/share/texlive/texmf-dist/tex/latex/caption/ltcaption.sty
Package: ltcaption 2020/05/30 v1.4b longtable captions (AR)
)
Package caption Info: End \AtBeginDocument code.
\c@lstlisting=\count340
Package hyperref Info: Link coloring ON on input line 125.

(/usr/share/texlive/texmf-dist/tex/latex/hyperref/nameref.sty
Package: nameref 2021-04-02 v2.47 Cross-referencing by name of section

(/usr/share/texlive/texmf-dist/tex/latex/refcount/refcount.sty
Package: refcount 2019/12/15 v3.6 Data extraction from label references (HO)
)
(/usr/share/texlive/texmf-dist/tex/generic/gettitlestring/gettitlestring.sty
Package: gettitlestring 2019/12/15 v1.6 Cleanup title references (HO)
)
\c@section@level=\count341
)
LaTeX Info: Redefining \ref on input line 125.
LaTeX Info: Redefining \pageref on input line 125.
LaTeX Info: Redefining \nameref on input line 125.

(./main.out) (./main.out)
\@outlinefile=\write3
\openout3 = `main.out'.

*geometry* verbose mode - [ newgeometry ] result:
* driver: xetex
* paper: <default>
* layout: <same size as paper>
* layoutoffset:(h,v)=(0.0pt,0.0pt)
* modes: 
* h-part:(L,W,R)=(42.67912pt, 528.93675pt, 42.67912pt)
* v-part:(T,H,B)=(56.9055pt, 681.15898pt, 56.9055pt)
* \paperwidth=614.295pt
* \paperheight=794.96999pt
* \textwidth=528.93675pt
* \textheight=681.15898pt
* \oddsidemargin=-29.59087pt
* \evensidemargin=-29.59087pt
* \topmargin=-54.36449pt
* \headheight=14.0pt
* \headsep=25.0pt
* \topskip=14.0pt
* \footskip=30.0pt
* \marginparwidth=24.0pt
* \marginparsep=10.0pt
* \columnsep=10.0pt
* \skip\footins=12.0pt plus 4.0pt minus 2.0pt
* \hoffset=0.0pt
* \voffset=0.0pt
* \mag=1000
* \@twocolumnfalse
* \@twosidefalse
* \@mparswitchfalse
* \@reversemarginfalse
* (1in=72.27pt=25.4mm, 1cm=28.453pt)

LaTeX Font Info:    Trying to load font information for U+msa on input line 157
.

(/usr/share/texlive/texmf-dist/tex/latex/amsfonts/umsa.fd
File: umsa.fd 2013/01/14 v3.01 AMS symbols A
)
LaTeX Font Info:    Trying to load font information for U+msb on input line 157
.

(/usr/share/texlive/texmf-dist/tex/latex/amsfonts/umsb.fd
File: umsb.fd 2013/01/14 v3.01 AMS symbols B
) [1


]
Underfull \hbox (badness 2065) in paragraph at lines 190--191
[]\TU/FreeSerif(0)/m/n/14.4 Исторические здания, не имеющие статуса объектов ку
льтурного наследия,
 []


Underfull \hbox (badness 1776) in paragraph at lines 190--191
\TU/FreeSerif(0)/m/n/14.4 государственной охране, тогда как длительное воздейст
вие окружающей среды и
 []


Overfull \hbox (7.48232pt too wide) in paragraph at lines 190--191
\TU/FreeSerif(0)/m/n/14.4 Действующая практика визуальной оценки технического с
остояния зданий, закреплённая
 []


Underfull \hbox (badness 1092) in paragraph at lines 194--195
[]\TU/FreeSerif(0)/m/n/14.4 Предложенный метод обеспечивает возможность автомат
изированной оценки
 []


Underfull \hbox (badness 2717) in paragraph at lines 194--195
\TU/FreeSerif(0)/m/n/14.4 и может применяться муниципальными службами при плани
ровании бюджета и
 []


Underfull \hbox (badness 3209) in paragraph at lines 197--200
\TU/FreeSerif(0)/b/n/14.4 Ключевые слова: \TU/FreeSerif(0)/m/n/14.4 исторически
е здания, компьютерное зрение, семантическая
 []

[1

] [2] (./main.toc
Overfull \hbox (4.70317pt too wide) in paragraph at lines 6--6
 [][] [][][]\TU/FreeSerif(0)/m/n/14.4 Типология повреждений фасадов исторически
х зданий Санкт-Петербурга 
 []

)
\tf@toc=\write4
\openout4 = `main.toc'.

 [3]
Underfull \hbox (badness 1430) in paragraph at lines 230--234
\TU/FreeSerif(0)/m/n/14.4 в настоящее время принимаются активные меры, направле
нные на их цифровую
 []


Underfull \hbox (badness 2894) in paragraph at lines 240--255
[]\TU/FreeSerif(0)/m/n/14.4 Однако существует большое количество зданий, постро
енных в различные
 []


Underfull \hbox (badness 2042) in paragraph at lines 240--255
\TU/FreeSerif(0)/m/n/14.4 исторические эпохи, при этом не имеющих статуса ОКН. 
Для таких зданий не
 []


Overfull \hbox (15.0375pt too wide) in paragraph at lines 240--255
\TU/FreeSerif(0)/m/n/14.4 существует прямого определения в федеральном законода
тельстве, и они рассматриваются
 []


Underfull \hbox (badness 1117) in paragraph at lines 240--255
\TU/FreeSerif(0)/m/n/14.4 мер со стороны государства, не инвентаризуются и пред
ставляют собой наиболее
 []


Overfull \hbox (9.58952pt too wide) in paragraph at lines 240--255
\TU/FreeSerif(0)/m/n/14.4 регулярного мониторинга и своевременного предотвращен
ия разрушения они постепенно
 []


Overfull \hbox (6.92708pt too wide) in paragraph at lines 256--264
[]\TU/FreeSerif(0)/m/n/14.4 В настоящее время оценка состояния зданий, регулиру
емая рядом государственных
 []


Underfull \hbox (badness 1259) in paragraph at lines 256--264
\TU/FreeSerif(0)/m/n/14.4 осмотр, фотофиксацию, составление карт и ведомостей д
ефектов здания. Более
 []


Underfull \hbox (badness 5607) in paragraph at lines 256--264
\TU/FreeSerif(0)/m/n/14.4 визуального осмотра недостаточно, обнаружены дефекты,
 снижающие несущую
 []


Underfull \hbox (badness 4156) in paragraph at lines 265--271
[]\TU/FreeSerif(0)/m/n/14.4 Ручной визуальный осмотр требует больших временных 
затрат экспертов,
 []

[4]
Overfull \hbox (13.62633pt too wide) in paragraph at lines 279--284
\TU/FreeSerif(0)/m/n/14.4 в масштабах отдельно взятого города, необходимо прове
сти индивидуальное обследование
 []


Underfull \hbox (badness 5260) in paragraph at lines 285--296
[]\TU/FreeSerif(0)/m/n/14.4 Исторические здания города можно рассматривать не к
ак изолированные
 []


Overfull \hbox (6.42151pt too wide) in paragraph at lines 285--296
\TU/FreeSerif(0)/m/n/14.4 объекты, а как единую структуру взаимосвязанных объек
тов, испытывающих воздействие
 []


Overfull \hbox (3.31116pt too wide) in paragraph at lines 285--296
\TU/FreeSerif(0)/m/n/14.4 одних и тех же факторов, которые и приводят к возникн
овению и развитию повреждений.
 []


Underfull \hbox (badness 7759) in paragraph at lines 285--296
\TU/FreeSerif(0)/m/n/14.4 Благодаря своей связной и распределённой структуре го
родская историческая
 []


Underfull \hbox (badness 3919) in paragraph at lines 297--306
\TU/FreeSerif(0)/m/n/14.4 агрегации информации о повреждениях фасада, полученно
й на основе анализа
 []

[5]
Underfull \hbox (badness 1024) in paragraph at lines 307--312
[]\TU/FreeSerif(0)/m/n/14.4 Такой подход позволит значительно сократить затраты
 на оценку состояния
 []


Underfull \hbox (badness 1199) in paragraph at lines 307--312
\TU/FreeSerif(0)/m/n/14.4 исследования может стать создание интерактивной карты
 исторической застройки
 []


Overfull \hbox (16.52551pt too wide) in paragraph at lines 317--321
[]\TU/FreeSerif(0)/m/n/14.4 сервис для городских властей, надзорных органов и к
оммунальных служб, ответственных
 []


Underfull \hbox (badness 1028) in paragraph at lines 330--333
[]\TU/FreeSerif(0)/m/n/14.4 Обосновать выбор города, в рамках которого будет пр
оводиться исследование.
 []


Underfull \hbox (badness 1173) in paragraph at lines 336--338
[]\TU/FreeSerif(0)/m/n/14.4 Построить модель машинного обучения для определения
 степени повреждения
 []

[6]
Underfull \hbox (badness 7468) in paragraph at lines 341--344
[]\TU/FreeSerif(0)/m/n/14.4 Определить признаковое описание вершин графа и сфор
мулировать задачу
 []


Overfull \hbox (11.13515pt too wide) in paragraph at lines 354--356
\TU/FreeSerif(0)/b/n/14.4 Методы исследования \TU/FreeSerif(0)/m/n/14.4 – семан
тическая сегментация, обучение на основе предпочтений
 []

[7]
Underfull \hbox (badness 1917) in paragraph at lines 375--382
\TU/FreeSerif(0)/m/n/14.4 неоднородность типов исторической застройки, характер
ная для разных городов,
 []


Underfull \hbox (badness 3323) in paragraph at lines 375--382
\TU/FreeSerif(0)/m/n/14.4 необходимо ограничить область исследования рамками од
ного отдельно взятого
 []


Underfull \hbox (badness 3792) in paragraph at lines 383--387
[]\TU/FreeSerif(0)/m/n/14.4 На основании данных из открытых источников по состо
янию на 2022 г.
 []

File: figures/image1.1.png Graphic file (type bmp)
<figures/image1.1.png>

Underfull \hbox (badness 6825) in paragraph at lines 399--404
\TU/FreeSerif(0)/m/n/14.4 городской застройки первое место уверенно удерживает 
Санкт-Петербург, где
 []

[8]
Underfull \hbox (badness 2662) in paragraph at lines 405--414
\TU/FreeSerif(0)/m/n/14.4 обязательным является наличие паспорта для лицевых фа
садов зданий даже не
 []


Overfull \hbox (12.30153pt too wide) in paragraph at lines 415--422
\TU/FreeSerif(0)/m/n/14.4 посвящённых случаям обрушения штукатурки и падения ле
пнины с фасадов исторических
 []


Overfull \hbox (13.73674pt too wide) in paragraph at lines 415--422
\TU/FreeSerif(0)/m/n/14.4 зданий, приведших к травмам и гибели прохожих, а такж
е к повреждению припаркованных
 []


Underfull \hbox (badness 1852) in paragraph at lines 415--422
\TU/FreeSerif(0)/m/n/14.4 таких публикаций, что, несмотря на отсутствие официал
ьной статистики, может
 []


Underfull \hbox (badness 1112) in paragraph at lines 423--429
\TU/FreeSerif(0)/m/n/14.4 подходящим объектом для проводимого исследования. В д
анной работе область
 []


Underfull \hbox (badness 6188) in paragraph at lines 432--432
[]\TU/FreeSerif(0)/b/n/17.28 Типология повреждений фасадов исторических зданий
 []


Overfull \hbox (0.23912pt too wide) in paragraph at lines 436--446
\TU/FreeSerif(0)/m/n/14.4 преимущественно служил полнотелый керамический кирпич
, уложенный на известково-
 []


Overfull \hbox (0.1991pt too wide) in paragraph at lines 436--446
\TU/FreeSerif(0)/m/n/14.4 песчаный или сложный известково-цементный раствор. Фу
ндаменты часто выполнялись
 []

[9]
Overfull \hbox (1.75594pt too wide) in paragraph at lines 459--470
 []\TU/FreeSerif(0)/b/n/14.4 Трещины.[] \TU/FreeSerif(0)/m/n/14.4 Трещины могут
 быть как поверхностными (в штукатурке), так и сквозными
 []


Underfull \hbox (badness 1303) in paragraph at lines 459--470
\TU/FreeSerif(0)/m/n/14.4 грунта, влияния нового строительства по соседству, ви
браций от транспорта или
 []


Underfull \hbox (badness 2042) in paragraph at lines 459--470
\TU/FreeSerif(0)/m/n/14.4 нарушения целостности фундаментов [[]]. Как правило, 
эти трещины активно
 []

File: figures/image2.png Graphic file (type bmp)
<figures/image2.png>
[10]
Underfull \hbox (badness 2846) in paragraph at lines 486--488
[]\TU/FreeSerif(0)/b/n/14.4 Отслоение \TU/FreeSerif(0)/m/n/14.4 — следующая, ви
зуально заметная, стадия процесса разрушения
 []

File: figures/image3.png Graphic file (type bmp)
<figures/image3.png>
[11]
Overfull \hbox (29.09944pt too wide) in paragraph at lines 499--503
[]\TU/FreeSerif(0)/m/n/14.4 Основной причиной образования данного типа поврежде
ний является систематическое
 []


Underfull \hbox (badness 3601) in paragraph at lines 499--503
\TU/FreeSerif(0)/m/n/14.4 увлажнение конструкций из-за протечек кровли, неиспра
вности водостоков или
 []


Underfull \hbox (badness 10000) in paragraph at lines 505--508
 []\TU/FreeSerif(0)/b/n/14.4 Повреждения кладки.[] \TU/FreeSerif(0)/m/n/14.4 Вк
лючают эрозию (выветривание) и размочаливание
 []

File: figures/image4.png Graphic file (type bmp)
<figures/image4.png>
[12]
Overfull \hbox (0.63274pt too wide) in paragraph at lines 518--523
 []\TU/FreeSerif(0)/b/n/14.4 Биопоражения.[] \TU/FreeSerif(0)/m/n/14.4 Включают
 в себя развитие плесени, водорослей, мхов и лишайников.
 []


Overfull \hbox (5.16391pt too wide) in paragraph at lines 518--523
\TU/FreeSerif(0)/m/n/14.4 строительных материалов и производят расклинивающий э
ффект, создавая колоссальное
 []

File: figures/image5.1.png Graphic file (type bmp)
<figures/image5.1.png>
[13]
File: figures/image6.png Graphic file (type bmp)
<figures/image6.png>
 [14]
File: figures/image7.1.png Graphic file (type bmp)
<figures/image7.1.png>
 [15]
Overfull \hbox (13.67754pt too wide) in paragraph at lines 560--564
\TU/FreeSerif(0)/m/n/14.4 влагу, которая мигрирует из тёплых помещений наружу. 
При отрицательных температурах
 []

File: figures/image8.png Graphic file (type bmp)
<figures/image8.png>

Underfull \hbox (badness 10000) in paragraph at lines 572--580
[]\TU/FreeSerif(0)/m/n/14.4 Таким образом, основной причиной большинства повреж
дений является
 []


Underfull \hbox (badness 1831) in paragraph at lines 572--580
\TU/FreeSerif(0)/m/n/14.4 симптомами того, что процесс разрушения фасада уже за
пущен и потенциально
 []

[16]
Overfull \hbox (32.11029pt too wide) in paragraph at lines 583--583
[]\TU/FreeSerif(0)/b/n/17.28 Обзор методов компьютерного зрения для оценки повр
еждений
 []


Underfull \hbox (badness 1838) in paragraph at lines 587--594
[]\TU/FreeSerif(0)/m/n/14.4 Для построения графа исторической застройки необход
имо описать каждое
 []


Underfull \hbox (badness 1325) in paragraph at lines 587--594
\TU/FreeSerif(0)/m/n/14.4 показатель степени повреждения его фасада. В этой свя
зи наибольший интерес
 []


Underfull \hbox (badness 1163) in paragraph at lines 587--594
\TU/FreeSerif(0)/m/n/14.4 представляет семантическая сегментация изображений фа
садов, поскольку в этом
 []


Underfull \hbox (badness 2922) in paragraph at lines 587--594
\TU/FreeSerif(0)/m/n/14.4 – определить их площадь относительно площади всего из
ображения, что будет
 []


Overfull \hbox (13.6903pt too wide) in paragraph at lines 595--598
[]\TU/FreeSerif(0)/m/n/14.4 В табл. [][]1[][] обобщена краткая информация о ряд
е наиболее релевантных исследований,
 []


Underfull \hbox (badness 5119) in paragraph at lines 595--598
\TU/FreeSerif(0)/m/n/14.4 включая объекты исследования, используемые данные, ар
хитектуры моделей и
 []


Overfull \hbox (4.33296pt too wide) in paragraph at lines 608--608
[]|\TU/FreeSerif(0)/b/n/12 Источник| 
 []


Underfull \hbox (badness 10000) in paragraph at lines 609--609
[]|\TU/FreeSerif(0)/b/n/12 Объект и задача
 []


Overfull \hbox (2.93365pt too wide) in alignment at lines 600--614
 [] [] [] [] [] 
 []


Overfull \hbox (4.33296pt too wide) in paragraph at lines 617--617
[]|\TU/FreeSerif(0)/b/n/12 Источник| 
 []


Underfull \hbox (badness 10000) in paragraph at lines 618--618
[]|\TU/FreeSerif(0)/b/n/12 Объект и задача
 []


Overfull \hbox (2.93365pt too wide) in alignment at lines 614--623
 [] [] [] [] [] 
 []


Overfull \hbox (2.93365pt too wide) in alignment at lines 623--625
 [] [] [] [] [] 
 []


Underfull \hbox (badness 10000) in paragraph at lines 628--628
[]|\TU/FreeSerif(0)/m/n/12 Объектная
 []


Underfull \hbox (badness 10000) in paragraph at lines 628--628
\TU/FreeSerif(0)/m/n/12 сегментация трещин
 []


Underfull \hbox (badness 10000) in paragraph at lines 628--628
\TU/FreeSerif(0)/m/n/12 трубопроводов,
 []


Underfull \hbox (badness 10000) in paragraph at lines 628--628
\TU/FreeSerif(0)/m/n/12 зданий, дорог и
 []


Underfull \hbox (badness 10000) in paragraph at lines 629--629
\TU/FreeSerif(0)/m/n/12 из 9 датасетов
 []


Underfull \hbox (badness 10000) in paragraph at lines 629--629
\TU/FreeSerif(0)/m/n/12 (Crack500, CFD
 []


Underfull \hbox (badness 10000) in paragraph at lines 630--630
[]|\TU/FreeSerif(0)/m/n/12 YOLOv8-
 []


Underfull \hbox (badness 10000) in paragraph at lines 630--630
\TU/FreeSerif(0)/m/n/12 MHSA-TA,
 []


Underfull \hbox (badness 10000) in paragraph at lines 630--630
\TU/FreeSerif(0)/m/n/12 YOLOv5,
 []


Underfull \hbox (badness 10000) in paragraph at lines 630--630
\TU/FreeSerif(0)/m/n/12 YOLOv7,
 []


Underfull \hbox (badness 10000) in paragraph at lines 631--632
[]|\TU/FreeSerif(0)/m/n/12 F1: 84,8–97,6%;
 []


Underfull \hbox (badness 10000) in paragraph at lines 635--636
[]|\TU/FreeSerif(0)/m/n/12 Семантическая
 []


Underfull \hbox (badness 10000) in paragraph at lines 635--636
\TU/FreeSerif(0)/m/n/12 сегментация
 []


Underfull \hbox (badness 10000) in paragraph at lines 635--636
\TU/FreeSerif(0)/m/n/12 растительности
 []


Underfull \hbox (badness 10000) in paragraph at lines 635--636
\TU/FreeSerif(0)/m/n/12 на исторических
 []


Underfull \hbox (badness 10000) in paragraph at lines 635--636
\TU/FreeSerif(0)/m/n/12 фасадах методом
 []


Underfull \hbox (badness 10000) in paragraph at lines 637--637
[]|\TU/FreeSerif(0)/m/n/12 113
 []


Underfull \hbox (badness 10000) in paragraph at lines 637--637
\TU/FreeSerif(0)/m/n/12 краудсорсинговых
 []


Underfull \hbox (badness 5817) in paragraph at lines 637--637
\TU/FreeSerif(0)/m/n/12 фотографий замка
 []


Underfull \hbox (badness 10000) in paragraph at lines 643--644
[]|\TU/FreeSerif(0)/m/n/12 Сегментация
 []


Underfull \hbox (badness 10000) in paragraph at lines 643--644
\TU/FreeSerif(0)/m/n/12 трещин на фасадах
 []


Underfull \hbox (badness 1888) in paragraph at lines 643--644
\TU/FreeSerif(0)/m/n/12 исторических зданий,
 []


Underfull \hbox (badness 1043) in paragraph at lines 643--644
\TU/FreeSerif(0)/m/n/12 сравнение архитектур
 []


Underfull \hbox (badness 10000) in paragraph at lines 643--644
\TU/FreeSerif(0)/m/n/12 U-Net и функций
 []


Underfull \hbox (badness 10000) in paragraph at lines 645--645
[]|\TU/FreeSerif(0)/m/n/12 Crack500,
 []


Underfull \hbox (badness 10000) in paragraph at lines 645--645
\TU/FreeSerif(0)/m/n/12 собственный
 []


Underfull \hbox (badness 10000) in paragraph at lines 645--645
\TU/FreeSerif(0)/m/n/12 датасет (263
 []


Underfull \hbox (badness 10000) in paragraph at lines 646--646
[]|\TU/FreeSerif(0)/m/n/12 Deep ResU-Net,
 []


Underfull \hbox (badness 10000) in paragraph at lines 646--646
\TU/FreeSerif(0)/m/n/12 ResU-Net++,
 []


Underfull \hbox (badness 10000) in paragraph at lines 647--648
[]|\TU/FreeSerif(0)/m/n/12 mIoU: 82,0–83,8%
 []


Underfull \hbox (badness 10000) in paragraph at lines 651--652
[]|\TU/FreeSerif(0)/m/n/12 Сегментация трещин
 []


Underfull \hbox (badness 10000) in paragraph at lines 651--652
\TU/FreeSerif(0)/m/n/12 и сколов в бетоне,
 []


Underfull \hbox (badness 10000) in paragraph at lines 651--652
\TU/FreeSerif(0)/m/n/12 трещин в стальных
 []


Underfull \hbox (badness 10000) in paragraph at lines 653--653
[]|\TU/FreeSerif(0)/m/n/12 Собственный
 []


Underfull \hbox (badness 10000) in paragraph at lines 653--653
\TU/FreeSerif(0)/m/n/12 датасет (300
 []


Underfull \hbox (badness 3815) in paragraph at lines 654--654
[]|\TU/FreeSerif(0)/m/n/12 U-Net, U-Net с
 []


Underfull \hbox (badness 10000) in paragraph at lines 654--654
\TU/FreeSerif(0)/m/n/12 Stage Few-Shot
 []


Underfull \hbox (badness 10000) in paragraph at lines 655--656
[]|\TU/FreeSerif(0)/m/n/12 mIoU: 61,6–67,1%;
 []


Underfull \hbox (badness 10000) in paragraph at lines 659--659
[]|\TU/FreeSerif(0)/m/n/12 Объектная
 []


Underfull \hbox (badness 10000) in paragraph at lines 659--659
\TU/FreeSerif(0)/m/n/12 сегментация
 []


Underfull \hbox (badness 10000) in paragraph at lines 659--659
\TU/FreeSerif(0)/m/n/12 повреждений слоя
 []


Underfull \hbox (badness 10000) in paragraph at lines 659--659
\TU/FreeSerif(0)/m/n/12 краски на древних
 []


Underfull \hbox (badness 10000) in paragraph at lines 660--660
[]|\TU/FreeSerif(0)/m/n/12 856 фотографий
 []


Underfull \hbox (badness 10000) in paragraph at lines 660--660
\TU/FreeSerif(0)/m/n/12 фресок Дуньхуана
 []


Underfull \hbox (badness 10000) in paragraph at lines 661--661
[]|\TU/FreeSerif(0)/m/n/12 PLDS-YOLO
 []


Underfull \hbox (badness 5203) in paragraph at lines 662--663
\TU/FreeSerif(0)/m/n/12 mAP@0.5:0.95: 44,6–
 []


Underfull \hbox (badness 10000) in paragraph at lines 666--666
[]|\TU/FreeSerif(0)/m/n/12 Семантическая
 []


Underfull \hbox (badness 10000) in paragraph at lines 666--666
\TU/FreeSerif(0)/m/n/12 сегментация
 []


Underfull \hbox (badness 7722) in paragraph at lines 666--666
\TU/FreeSerif(0)/m/n/12 трещин в элементах
 []


Underfull \hbox (badness 10000) in paragraph at lines 667--667
[]|\TU/FreeSerif(0)/m/n/12 Crack500, Deep-
 []


Overfull \hbox (2.86574pt too wide) in paragraph at lines 668--668
[]|[]\TU/FreeSerif(0)/m/n/12 EfficientCrackNet[], 
 []


Underfull \hbox (badness 10000) in paragraph at lines 668--668
\TU/FreeSerif(0)/m/n/12 ShuffleNetV2,
 []


Underfull \hbox (badness 10000) in paragraph at lines 668--668
\TU/FreeSerif(0)/m/n/12 MobileNetV3,
 []


Underfull \hbox (badness 10000) in paragraph at lines 669--670
[]\TU/FreeSerif(0)/m/n/12 78,2[]–[]87,1[]% (Deep-
 []


Underfull \hbox (badness 10000) in paragraph at lines 673--673
[]|\TU/FreeSerif(0)/m/n/12 Семантическая
 []


Underfull \hbox (badness 10000) in paragraph at lines 673--673
\TU/FreeSerif(0)/m/n/12 сегментация трещин
 []


Underfull \hbox (badness 4479) in paragraph at lines 673--673
\TU/FreeSerif(0)/m/n/12 бетонного дорожного
 []


Underfull \hbox (badness 10000) in paragraph at lines 674--674
[]|\TU/FreeSerif(0)/m/n/12 Собственный
 []


Underfull \hbox (badness 10000) in paragraph at lines 674--674
\TU/FreeSerif(0)/m/n/12 датасет (960
 []


Underfull \hbox (badness 10000) in paragraph at lines 675--675
[]|[]\TU/FreeSerif(0)/m/n/12 U-Net-FML[],
 []


Underfull \hbox (badness 10000) in paragraph at lines 675--675
\TU/FreeSerif(0)/m/n/12 U-Net++,
 []


Underfull \hbox (badness 10000) in paragraph at lines 675--675
\TU/FreeSerif(0)/m/n/12 DeepLabv3+,
 []


Underfull \hbox (badness 10000) in paragraph at lines 680--680
[]|\TU/FreeSerif(0)/m/n/12 Сегментация
 []


Underfull \hbox (badness 10000) in paragraph at lines 680--680
\TU/FreeSerif(0)/m/n/12 трещин, отслоений
 []


Underfull \hbox (badness 1838) in paragraph at lines 680--680
\TU/FreeSerif(0)/m/n/12 и пустот в бетонных
 []


Underfull \hbox (badness 10000) in paragraph at lines 681--681
[]|\TU/FreeSerif(0)/m/n/12 Собственный
 []


Underfull \hbox (badness 10000) in paragraph at lines 681--681
\TU/FreeSerif(0)/m/n/12 датасет (400
 []


Underfull \hbox (badness 10000) in paragraph at lines 682--682
[]|[]\TU/FreeSerif(0)/m/n/12 U-Net[],
 []


Underfull \hbox (badness 10000) in paragraph at lines 687--687
[]|\TU/FreeSerif(0)/m/n/12 Семантическая
 []


Underfull \hbox (badness 10000) in paragraph at lines 687--687
\TU/FreeSerif(0)/m/n/12 сегментация
 []


Underfull \hbox (badness 10000) in paragraph at lines 687--687
\TU/FreeSerif(0)/m/n/12 повреждений зданий
 []


Underfull \hbox (badness 10000) in paragraph at lines 688--688
[]|\TU/FreeSerif(0)/m/n/12 Собственный
 []


Underfull \hbox (badness 10000) in paragraph at lines 688--688
\TU/FreeSerif(0)/m/n/12 датасет (290
 []


Underfull \hbox (badness 10000) in paragraph at lines 689--689
[]|\TU/FreeSerif(0)/m/n/12 U-Net с
 []


Underfull \hbox (badness 10000) in paragraph at lines 689--689
\TU/FreeSerif(0)/m/n/12 энкодерами
 []


Underfull \hbox (badness 10000) in paragraph at lines 689--689
[]\TU/FreeSerif(0)/m/n/12 ResNet-50[],
 []


Underfull \hbox (badness 10000) in paragraph at lines 689--689
\TU/FreeSerif(0)/m/n/12 SwinV2-L,
 []


Underfull \hbox (badness 10000) in paragraph at lines 689--689
\TU/FreeSerif(0)/m/n/12 ConvNeXt-
 []


Underfull \hbox (badness 10000) in paragraph at lines 694--694
[]|\TU/FreeSerif(0)/m/n/12 Семантическая
 []


Underfull \hbox (badness 10000) in paragraph at lines 694--694
\TU/FreeSerif(0)/m/n/12 сегментация трещин
 []


Underfull \hbox (badness 10000) in paragraph at lines 695--695
[]|\TU/FreeSerif(0)/m/n/12 Crack500, Deep-
 []


Underfull \hbox (badness 10000) in paragraph at lines 696--696
\TU/FreeSerif(0)/m/n/12 PSPNet,
 []


Underfull \hbox (badness 10000) in paragraph at lines 697--698
[]|\TU/FreeSerif(0)/m/n/12 mIoU: []81,9[]–[]83,9[]%
 []


Underfull \hbox (badness 10000) in paragraph at lines 697--698
[]\TU/FreeSerif(0)/m/n/12 84,2[]–[]86,4[]% (Deep-
 []


Overfull \hbox (2.93365pt too wide) in alignment at lines 625--699
 [] [] [] [] [] 
 []

[17] [18]
Underfull \hbox (badness 1122) in paragraph at lines 705--710
[]\TU/FreeSerif(0)/m/n/14.4 Наибольшее число исследований посвящено сегментации
 трещин. Существует
 []


Underfull \hbox (badness 3179) in paragraph at lines 710--714
[]\TU/FreeSerif(0)/m/n/14.4 Если не учитывать модификации известных архитектур,
 созданные в рамках
 []


Underfull \hbox (badness 1107) in paragraph at lines 721--728
\TU/FreeSerif(0)/m/n/14.4 информации, представленной в виде графов, и способны 
учитывать как свойства
 []

[19]
Underfull \hbox (badness 2150) in paragraph at lines 735--739
[]\TU/FreeSerif(0)/m/n/14.4 Отдельно отмечается важное преимущество GNN перед д
ругими моделями
 []


Underfull \hbox (badness 2302) in paragraph at lines 735--739
\TU/FreeSerif(0)/m/n/14.4 – способность к обобщению на гетерогенные городские с
истемы, что позволяет
 []


Underfull \hbox (badness 1997) in paragraph at lines 740--744
[]\TU/FreeSerif(0)/m/n/14.4 Несмотря на то что исследований применения GNN для 
пространственной
 []


Overfull \hbox (4.33296pt too wide) in paragraph at lines 751--751
[]|\TU/FreeSerif(0)/b/n/12 Источник| 
 []


Underfull \hbox (badness 10000) in paragraph at lines 752--752
[]|\TU/FreeSerif(0)/b/n/12 Объект и суть
 []


Underfull \hbox (badness 10000) in paragraph at lines 753--753
[]|\TU/FreeSerif(0)/b/n/12 Принцип построения
 []


Overfull \hbox (4.33296pt too wide) in paragraph at lines 760--760
[]|\TU/FreeSerif(0)/b/n/12 Источник| 
 []


Underfull \hbox (badness 10000) in paragraph at lines 761--761
[]|\TU/FreeSerif(0)/b/n/12 Объект и суть
 []


Underfull \hbox (badness 10000) in paragraph at lines 762--762
[]|\TU/FreeSerif(0)/b/n/12 Принцип построения
 []


Underfull \hbox (badness 10000) in paragraph at lines 764--765
[]|\TU/FreeSerif(0)/b/n/12 Модель и
 []


Underfull \hbox (badness 10000) in paragraph at lines 771--772
[]|\TU/FreeSerif(0)/m/n/12 Прогнозирование
 []


Underfull \hbox (badness 10000) in paragraph at lines 771--772
\TU/FreeSerif(0)/m/n/12 характеристик
 []


Underfull \hbox (badness 10000) in paragraph at lines 771--772
\TU/FreeSerif(0)/m/n/12 тип, период
 []


Underfull \hbox (badness 10000) in paragraph at lines 771--772
\TU/FreeSerif(0)/m/n/12 постройки,
 []


Underfull \hbox (badness 10000) in paragraph at lines 773--774
[]|\TU/FreeSerif(0)/b/n/12 Вершины: \TU/FreeSerif(0)/m/n/12 здания.
 []


Underfull \hbox (badness 10000) in paragraph at lines 773--774
\TU/FreeSerif(0)/b/n/12 Признаки: \TU/FreeSerif(0)/m/n/12 число
 []


Underfull \hbox (badness 10000) in paragraph at lines 773--774
\TU/FreeSerif(0)/m/n/12 объектов окружения в
 []


Underfull \hbox (badness 10000) in paragraph at lines 775--775
\TU/FreeSerif(0)/m/n/12 StreetMap
 []


Underfull \hbox (badness 10000) in paragraph at lines 775--775
\TU/FreeSerif(0)/m/n/12 и другие
 []


Underfull \hbox (badness 10000) in paragraph at lines 775--775
\TU/FreeSerif(0)/m/n/12 открытые
 []


Underfull \hbox (badness 10000) in paragraph at lines 775--775
\TU/FreeSerif(0)/m/n/12 данные для
 []


Underfull \hbox (badness 10000) in paragraph at lines 775--775
\TU/FreeSerif(0)/m/n/12 3 разных
 []


Underfull \hbox (badness 10000) in paragraph at lines 776--777
\TU/FreeSerif(0)/m/n/12 тип: 88,3%;
 []


Underfull \hbox (badness 10000) in paragraph at lines 780--780
[]|\TU/FreeSerif(0)/m/n/12 Прогнозирование
 []


Underfull \hbox (badness 10000) in paragraph at lines 780--780
\TU/FreeSerif(0)/m/n/12 деградации
 []


Underfull \hbox (badness 10000) in paragraph at lines 780--780
\TU/FreeSerif(0)/m/n/12 дорожного
 []


Underfull \hbox (badness 10000) in paragraph at lines 781--783
[]|\TU/FreeSerif(0)/b/n/12 Вершины: \TU/FreeSerif(0)/m/n/12 секции
 []


Underfull \hbox (badness 10000) in paragraph at lines 781--783
\TU/FreeSerif(0)/b/n/12 Признаки: \TU/FreeSerif(0)/m/n/12 история
 []


Underfull \hbox (badness 10000) in paragraph at lines 781--783
\TU/FreeSerif(0)/m/n/12 состояния, трафик,
 []


Underfull \hbox (badness 10000) in paragraph at lines 781--783
\TU/FreeSerif(0)/b/n/12 Рёбра: \TU/FreeSerif(0)/m/n/12 Физическая
 []


Underfull \hbox (badness 10000) in paragraph at lines 781--783
\TU/FreeSerif(0)/m/n/12 связность секций на
 []


Underfull \hbox (badness 10000) in paragraph at lines 784--784
[]|\TU/FreeSerif(0)/m/n/12 Данные деп.
 []


Underfull \hbox (badness 10000) in paragraph at lines 784--784
\TU/FreeSerif(0)/m/n/12 транспорта
 []


Underfull \hbox (badness 10000) in paragraph at lines 784--784
\TU/FreeSerif(0)/m/n/12 Техаса;
 []


Underfull \hbox (badness 10000) in paragraph at lines 784--784
\OML/cmm/m/it/12 >$\TU/FreeSerif(0)/m/n/12 500 тыс.
 []


Underfull \hbox (badness 10000) in paragraph at lines 789--789
[]|\TU/FreeSerif(0)/m/n/12 Прогнозирование
 []


Underfull \hbox (badness 10000) in paragraph at lines 789--789
\TU/FreeSerif(0)/m/n/12 срока службы
 []


Underfull \hbox (badness 10000) in paragraph at lines 789--789
\TU/FreeSerif(0)/m/n/12 компонентов
 []


Underfull \hbox (badness 10000) in paragraph at lines 790--792
\TU/FreeSerif(0)/b/n/12 Признаки: \TU/FreeSerif(0)/m/n/12 материал,
 []


Underfull \hbox (badness 10000) in paragraph at lines 790--792
\TU/FreeSerif(0)/b/n/12 Рёбра: \TU/FreeSerif(0)/m/n/12 причинно-
 []


Underfull \hbox (badness 10000) in paragraph at lines 793--793
\TU/FreeSerif(0)/m/n/12 обследований
 []


Underfull \hbox (badness 10000) in paragraph at lines 793--793
\TU/FreeSerif(0)/m/n/12 зданий
 []


Underfull \hbox (badness 10000) in paragraph at lines 793--793
\TU/FreeSerif(0)/m/n/12 Швеции
 []


Underfull \hbox (badness 10000) in paragraph at lines 794--795
[]|\TU/FreeSerif(0)/b/n/12 GCN, Graph-
 []


Underfull \hbox (badness 10000) in paragraph at lines 794--795
\TU/FreeSerif(0)/m/n/12 R$[]$ = 0,83
 []


Underfull \hbox (badness 10000) in paragraph at lines 798--798
[]|\TU/FreeSerif(0)/m/n/12 Прогнозирование
 []


Underfull \hbox (badness 10000) in paragraph at lines 798--798
\TU/FreeSerif(0)/m/n/12 повреждений
 []


Underfull \hbox (badness 10000) in paragraph at lines 798--798
\TU/FreeSerif(0)/m/n/12 водопроводных
 []


Underfull \hbox (badness 5431) in paragraph at lines 799--800
[]|\TU/FreeSerif(0)/b/n/12 Вершины: \TU/FreeSerif(0)/m/n/12 центроиды
 []


Underfull \hbox (badness 10000) in paragraph at lines 799--800
\TU/FreeSerif(0)/m/n/12 сегментов труб и
 []


Underfull \hbox (badness 10000) in paragraph at lines 799--800
\TU/FreeSerif(0)/m/n/12 перекрёстки дорог.
 []


Underfull \hbox (badness 10000) in paragraph at lines 799--800
\TU/FreeSerif(0)/b/n/12 Признаки: \TU/FreeSerif(0)/m/n/12 свойства
 []


Underfull \hbox (badness 10000) in paragraph at lines 799--800
\TU/FreeSerif(0)/m/n/12 к перекрестку, углы
 []


Underfull \hbox (badness 10000) in paragraph at lines 799--800
\TU/FreeSerif(0)/b/n/12 Ребра:
 []


Underfull \hbox (badness 10000) in paragraph at lines 799--800
\TU/FreeSerif(0)/m/n/12 Пространственная
 []


Underfull \hbox (badness 10000) in paragraph at lines 799--800
\TU/FreeSerif(0)/m/n/12 и функциональная
 []


Underfull \hbox (badness 10000) in paragraph at lines 801--801
[]|\TU/FreeSerif(0)/m/n/12 ГИС-данные
 []


Overfull \hbox (6.18413pt too wide) in paragraph at lines 801--801
\TU/FreeSerif(0)/m/n/12 водопроводной
 []


Underfull \hbox (badness 1117) in paragraph at lines 801--801
\TU/FreeSerif(0)/m/n/12 сети Шанхая;
 []


Underfull \hbox (badness 10000) in paragraph at lines 802--803
[]|\TU/FreeSerif(0)/b/n/12 GCN, Graph-
 []


Underfull \hbox (badness 7047) in paragraph at lines 802--803
\TU/FreeSerif(0)/m/n/12 AUC = 0,821;
 []


Underfull \hbox (badness 3701) in paragraph at lines 802--803
\TU/FreeSerif(0)/m/n/12 Recall = 0,878
 []


Underfull \hbox (badness 10000) in paragraph at lines 806--806
[]|\TU/FreeSerif(0)/m/n/12 Определение типа
 []


Underfull \hbox (badness 3281) in paragraph at lines 806--806
\TU/FreeSerif(0)/m/n/12 и возраста зданий
 []


Underfull \hbox (badness 10000) in paragraph at lines 806--806
\TU/FreeSerif(0)/m/n/12 по гетерогенному
 []


Underfull \hbox (badness 10000) in paragraph at lines 807--809
[]|\TU/FreeSerif(0)/b/n/12 Вершины: \TU/FreeSerif(0)/m/n/12 здания,
 []


Underfull \hbox (badness 10000) in paragraph at lines 807--809
\TU/FreeSerif(0)/m/n/12 улицы, перекрёстки,
 []


Underfull \hbox (badness 10000) in paragraph at lines 807--809
\TU/FreeSerif(0)/b/n/12 Признаки:
 []


Underfull \hbox (badness 10000) in paragraph at lines 807--809
\TU/FreeSerif(0)/m/n/12 эмбеддинги снимков
 []


Underfull \hbox (badness 2941) in paragraph at lines 807--809
\TU/FreeSerif(0)/m/n/12 со спутника и видов с
 []


Underfull \hbox (badness 10000) in paragraph at lines 807--809
\TU/FreeSerif(0)/b/n/12 Рёбра:
 []


Underfull \hbox (badness 10000) in paragraph at lines 807--809
\TU/FreeSerif(0)/m/n/12 пространственная
 []


Underfull \hbox (badness 10000) in paragraph at lines 810--810
[]|\TU/FreeSerif(0)/m/n/12 OSM,
 []


Underfull \hbox (badness 10000) in paragraph at lines 810--810
\TU/FreeSerif(0)/m/n/12 спутниковые
 []


Underfull \hbox (badness 10000) in paragraph at lines 810--810
\TU/FreeSerif(0)/m/n/12 снимки,
 []


Underfull \hbox (badness 10000) in paragraph at lines 810--810
\TU/FreeSerif(0)/m/n/12 панорамы
 []


Underfull \hbox (badness 10000) in paragraph at lines 810--810
\TU/FreeSerif(0)/m/n/12 улиц
 []


Underfull \hbox (badness 10000) in paragraph at lines 810--810
\TU/FreeSerif(0)/m/n/12 (Амстердам,
 []


Underfull \hbox (badness 10000) in paragraph at lines 810--810
\TU/FreeSerif(0)/m/n/12 Вашингтон,
 []


Underfull \hbox (badness 10000) in paragraph at lines 811--812
\TU/FreeSerif(0)/m/n/12 Accuracy (тип
 []


Underfull \hbox (badness 10000) in paragraph at lines 811--812
\TU/FreeSerif(0)/m/n/12 здания): 86–
 []


Underfull \hbox (badness 10000) in paragraph at lines 811--812
\TU/FreeSerif(0)/m/n/12 96%; F1:
 []


Underfull \hbox (badness 10000) in paragraph at lines 811--812
\TU/FreeSerif(0)/m/n/12 0,70–0,73; R$[]$
 []

[20] [21]
Overfull \hbox (7.98636pt too wide) in paragraph at lines 816--822
\TU/FreeSerif(0)/m/n/14.4 среды или инфраструктуры (будь то здание, дорога или 
трубопровод) сильно коррелируют
 []


Overfull \hbox (2.24709pt too wide) in paragraph at lines 823--826
[]\TU/FreeSerif(0)/m/n/14.4 Также в исследованиях отмечается, что GNN предлагаю
т эффективные механизмы
 []


Underfull \hbox (badness 10000) in paragraph at lines 836--841
[]\TU/FreeSerif(0)/m/n/14.4 Санкт-Петербург является наиболее репрезентативным 
городом России для
 []


Underfull \hbox (badness 1102) in paragraph at lines 836--841
\TU/FreeSerif(0)/m/n/14.4 он занимает первое место по числу сохранившейся истор
ической застройки, а
 []


Underfull \hbox (badness 1087) in paragraph at lines 841--845
\TU/FreeSerif(0)/m/n/14.4 являются: трещины, повреждение отделочных слоёв, биоп
оражения, высолы и
 []

[22]
Underfull \hbox (badness 1087) in paragraph at lines 845--850
[]\TU/FreeSerif(0)/m/n/14.4 Анализ литературы по компьютерному зрению показал, 
что задача пиксельной
 []


Overfull \hbox (4.98795pt too wide) in paragraph at lines 845--850
\TU/FreeSerif(0)/m/n/14.4 сегментации повреждений фасадов зданий активно исслед
уется; при этом доступность
 []


Overfull \hbox (8.91995pt too wide) in paragraph at lines 850--855
[]\TU/FreeSerif(0)/m/n/14.4 GNN и особенно архитектура GraphSAGE успешно примен
яются для прогнозирования
 []


Underfull \hbox (badness 1253) in paragraph at lines 850--855
\TU/FreeSerif(0)/m/n/14.4 характеристик городских объектов и объектов инфрастру
ктуры (зданий, дорог,
 []

[23] [24] (./main.bbl
Underfull \hbox (badness 1728) in paragraph at lines 4--9
\TU/FreeSerif(0)/m/n/14.4 Российской Федерации» на период 2025–2045 годов, 2024
.  Правительство
 []


Underfull \hbox (badness 10000) in paragraph at lines 11--17
\TU/FreeSerif(0)/m/n/14.4 истории и культуры) народов Российской Федерации», 20
02.  Принят
 []


Underfull \hbox (badness 2368) in paragraph at lines 40--43
[]\TU/FreeSerif(0)/m/n/14.4 СП 13-102-2003. Правила обследования несущих строит
ельных конструкций
 []


Underfull \hbox (badness 7504) in paragraph at lines 45--52
\TU/FreeSerif(0)/m/n/14.4 исследовательских, изыскательских, проектных и произв
одственных работ,
 []

[25]
Underfull \hbox (badness 5847) in paragraph at lines 96--103
[]\TU/FreeSerif(0)/m/n/14.4 Мохамад Абдул Карим Альфажр.  Проблемы сохранения и
сторического
 []

[26] [27]) [28] (./main.aux)

LaTeX Warning: There were multiply-defined labels.

Package rerunfilecheck Info: File `main.out' has not changed.
(rerunfilecheck)             Checksum: C0912AAEAA798F2518263AD4C5C3DB48;4792.
 ) 
Here is how much of TeX's memory you used:
 21258 strings out of 477416
 441250 string characters out of 5844819
 852242 words of memory out of 5000000
 41546 multiletter control sequences out of 15000+600000
 482761 words of font info for 122 fonts, out of 8000000 for 9000
 682 hyphenation exceptions out of 8191
 73i,11n,85p,829b,917s stack positions out of 5000i,500n,10000p,200000b,80000s

Output written on main.pdf (29 pages).
